2020-07-18T17:32:38.733+0800	INFO	monkeyServer/main.go:35	log init ok
2020-07-18T18:53:11.721+0800	INFO	monkeyServer/main.go:35	log init ok
2020-07-18T18:53:11.723+0800	INFO	monkeyServer/main.go:44	config init ok
2020-07-18T18:53:11.723+0800	INFO	monkeyServer/main.go:49	host ColleData start
2020-07-18T18:53:19.517+0800	INFO	monkeyServer/main.go:35	log init ok
2020-07-18T18:53:19.517+0800	INFO	monkeyServer/main.go:44	config init ok
2020-07-18T18:53:19.517+0800	INFO	monkeyServer/main.go:49	host ColleData start
2020-07-18T18:55:30.323+0800	INFO	monkeyServer/main.go:35	log init ok
2020-07-18T18:55:30.324+0800	INFO	monkeyServer/main.go:44	config init ok
2020-07-18T18:55:30.324+0800	INFO	monkeyServer/main.go:49	host ColleData start
2020-07-18T18:56:21.503+0800	INFO	monkeyServer/main.go:35	log init ok
2020-07-18T18:56:21.505+0800	INFO	monkeyServer/main.go:44	config init ok
2020-07-18T18:56:21.505+0800	INFO	monkeyServer/main.go:49	host ColleData start
2020-07-18T18:57:24.913+0800	INFO	monkeyServer/main.go:35	log init ok
2020-07-18T18:57:24.914+0800	INFO	monkeyServer/main.go:44	config init ok
2020-07-18T18:57:24.914+0800	INFO	monkeyServer/main.go:49	host ColleData start
2020-07-18T19:07:52.451+0800	INFO	monkeyServer/main.go:35	log init ok
2020-07-18T19:07:52.453+0800	INFO	monkeyServer/main.go:44	config init ok
2020-07-18T19:07:52.453+0800	INFO	monkeyServer/main.go:49	host ColleData start
2020-07-18T19:08:44.002+0800	INFO	monkeyServer/main.go:35	log init ok
2020-07-18T19:08:44.003+0800	INFO	monkeyServer/main.go:44	config init ok
2020-07-18T19:08:44.003+0800	INFO	monkeyServer/main.go:49	host ColleData start
2020-07-22T18:32:50.005+0800	INFO	monkeyServer/main.go:33	log init ok
2020-07-22T18:32:50.008+0800	INFO	monkeyServer/main.go:41	config init ok
2020-07-22T18:32:50.008+0800	INFO	logUtils/logs.go:15	init Crontab
2020-07-22T18:32:50.008+0800	INFO	monkeyServer/main.go:45	host ColleData start
2020-07-24T11:57:20.593+0800	INFO	monkeyServer/main.go:33	log init ok
2020-07-24T11:57:20.594+0800	INFO	monkeyServer/main.go:41	config init ok
2020-07-24T11:57:20.594+0800	INFO	logUtils/logs.go:15	init Crontab
2020-07-24T11:57:20.594+0800	INFO	monkeyServer/main.go:45	host ColleData start
2020-07-24T12:26:13.236+0800	INFO	monkeyServer/main.go:33	log init ok
2020-07-24T12:26:13.238+0800	INFO	monkeyServer/main.go:41	config init ok
2020-07-24T12:26:13.238+0800	INFO	logUtils/logs.go:15	init Crontab
2020-07-24T12:26:13.238+0800	INFO	monkeyServer/main.go:45	host ColleData start
2020-07-24T12:27:16.224+0800	INFO	monkeyServer/main.go:33	log init ok
2020-07-24T12:27:16.225+0800	INFO	monkeyServer/main.go:41	config init ok
2020-07-24T12:27:16.225+0800	INFO	logUtils/logs.go:15	init Crontab
2020-07-24T12:27:16.225+0800	INFO	monkeyServer/main.go:45	host ColleData start
2020-07-24T12:28:23.988+0800	INFO	monkeyServer/main.go:33	log init ok
2020-07-24T12:28:23.989+0800	INFO	monkeyServer/main.go:41	config init ok
2020-07-24T12:28:23.990+0800	INFO	logUtils/logs.go:15	init Crontab
2020-07-24T12:28:23.990+0800	INFO	monkeyServer/main.go:45	host ColleData start
2020-07-24T12:28:46.262+0800	INFO	monkeyServer/main.go:33	log init ok
2020-07-24T12:28:46.264+0800	INFO	monkeyServer/main.go:41	config init ok
2020-07-24T12:28:46.264+0800	INFO	logUtils/logs.go:15	init Crontab
2020-07-24T12:28:46.264+0800	INFO	monkeyServer/main.go:45	host ColleData start
2020-07-24T12:36:25.077+0800	INFO	monkeyServer/main.go:33	log init ok
2020-07-24T12:36:25.078+0800	INFO	monkeyServer/main.go:41	config init ok
2020-07-24T12:36:25.078+0800	INFO	logUtils/logs.go:15	init Crontab
2020-07-24T12:36:25.078+0800	INFO	monkeyServer/main.go:45	host ColleData start
2020-07-26T14:46:33.022+0800	INFO	monkeyServer/main.go:34	log init ok
2020-07-26T14:46:33.024+0800	INFO	monkeyServer/main.go:42	config init ok
2020-07-26T14:46:33.025+0800	INFO	logUtils/logs.go:15	init Crontab
2020-07-26T14:46:33.025+0800	INFO	monkeyServer/main.go:47	host ColleData start
2020-07-26T14:46:44.449+0800	INFO	logUtils/logs.go:15	read alarmInfo
2020-07-26T14:47:23.912+0800	INFO	monkeyServer/main.go:34	log init ok
2020-07-26T14:47:23.914+0800	INFO	monkeyServer/main.go:42	config init ok
2020-07-26T14:47:23.914+0800	INFO	logUtils/logs.go:15	init Crontab
2020-07-26T14:47:23.914+0800	INFO	monkeyServer/main.go:47	host ColleData start
2020-07-26T14:47:54.095+0800	INFO	logUtils/logs.go:15	read alarmInfo
2020-07-26T14:50:09.042+0800	ERROR	logUtils/logs.go:26	mysql connect error=dial tcp 172.16.204.173:3306: connect: operation timed out
